Collecting images of interest...
File /scratch/yl148/299154/T1w/Diffusion/bvals already exists, skipping...
File /scratch/yl148/299154/T1w/Diffusion/bvecs already exists, skipping...
File /scratch/yl148/299154/T1w/Diffusion/data.nii.gz already exists, skipping...
0 files downloaded for subject 299154.
Done!
Collecting images of interest...
File /scratch/yl148/299760/T1w/Diffusion/bvals already exists, skipping...
File /scratch/yl148/299760/T1w/Diffusion/bvecs already exists, skipping...
File /scratch/yl148/299760/T1w/Diffusion/data.nii.gz already exists, skipping...
0 files downloaded for subject 299760.
Done!
Collecting images of interest...
File /scratch/yl148/300618/T1w/Diffusion/bvals already exists, skipping...
File /scratch/yl148/300618/T1w/Diffusion/bvecs already exists, skipping...
File /scratch/yl148/300618/T1w/Diffusion/data.nii.gz already exists, skipping...
0 files downloaded for subject 300618.
Done!
Collecting images of interest...
File /scratch/yl148/300719/T1w/Diffusion/bvals already exists, skipping...
File /scratch/yl148/300719/T1w/Diffusion/bvecs already exists, skipping...
File /scratch/yl148/300719/T1w/Diffusion/data.nii.gz already exists, skipping...
0 files downloaded for subject 300719.
Done!
Collecting images of interest...
File /scratch/yl148/303119/T1w/Diffusion/bvals already exists, skipping...
File /scratch/yl148/303119/T1w/Diffusion/bvecs already exists, skipping...
File /scratch/yl148/303119/T1w/Diffusion/data.nii.gz already exists, skipping...
0 files downloaded for subject 303119.
Done!
Collecting images of interest...
File /scratch/yl148/303624/T1w/Diffusion/bvals already exists, skipping...
File /scratch/yl148/303624/T1w/Diffusion/bvecs already exists, skipping...
File /scratch/yl148/303624/T1w/Diffusion/data.nii.gz already exists, skipping...
0 files downloaded for subject 303624.
Done!
Collecting images of interest...
File /scratch/yl148/304020/T1w/Diffusion/bvals already exists, skipping...
File /scratch/yl148/304020/T1w/Diffusion/bvecs already exists, skipping...
File /scratch/yl148/304020/T1w/Diffusion/data.nii.gz already exists, skipping...
0 files downloaded for subject 304020.
Done!
Collecting images of interest...
File /scratch/yl148/304727/T1w/Diffusion/bvals already exists, skipping...
File /scratch/yl148/304727/T1w/Diffusion/bvecs already exists, skipping...
File /scratch/yl148/304727/T1w/Diffusion/data.nii.gz already exists, skipping...
0 files downloaded for subject 304727.
Done!
Collecting images of interest...
File /scratch/yl148/305830/T1w/Diffusion/bvals already exists, skipping...
File /scratch/yl148/305830/T1w/Diffusion/bvecs already exists, skipping...
File /scratch/yl148/305830/T1w/Diffusion/data.nii.gz already exists, skipping...
0 files downloaded for subject 305830.
Done!
Collecting images of interest...
File /scratch/yl148/307127/T1w/Diffusion/bvals already exists, skipping...
File /scratch/yl148/307127/T1w/Diffusion/bvecs already exists, skipping...
File /scratch/yl148/307127/T1w/Diffusion/data.nii.gz already exists, skipping...
0 files downloaded for subject 307127.
Done!
Collecting images of interest...
File /scratch/yl148/308129/T1w/Diffusion/bvals already exists, skipping...
File /scratch/yl148/308129/T1w/Diffusion/bvecs already exists, skipping...
File /scratch/yl148/308129/T1w/Diffusion/data.nii.gz already exists, skipping...
0 files downloaded for subject 308129.
Done!
Collecting images of interest...
File /scratch/yl148/308331/T1w/Diffusion/bvals already exists, skipping...
File /scratch/yl148/308331/T1w/Diffusion/bvecs already exists, skipping...
File /scratch/yl148/308331/T1w/Diffusion/data.nii.gz already exists, skipping...
0 files downloaded for subject 308331.
Done!
Collecting images of interest...
File /scratch/yl148/309636/T1w/Diffusion/bvals already exists, skipping...
File /scratch/yl148/309636/T1w/Diffusion/bvecs already exists, skipping...
File /scratch/yl148/309636/T1w/Diffusion/data.nii.gz already exists, skipping...
0 files downloaded for subject 309636.
Done!
Collecting images of interest...
File /scratch/yl148/310621/T1w/Diffusion/bvals already exists, skipping...
File /scratch/yl148/310621/T1w/Diffusion/bvecs already exists, skipping...
File /scratch/yl148/310621/T1w/Diffusion/data.nii.gz already exists, skipping...
0 files downloaded for subject 310621.
Done!
Collecting images of interest...
File /scratch/yl148/311320/T1w/Diffusion/bvals already exists, skipping...
File /scratch/yl148/311320/T1w/Diffusion/bvecs already exists, skipping...
File /scratch/yl148/311320/T1w/Diffusion/data.nii.gz already exists, skipping...
0 files downloaded for subject 311320.
Done!
Collecting images of interest...
File /scratch/yl148/314225/T1w/Diffusion/bvals already exists, skipping...
File /scratch/yl148/314225/T1w/Diffusion/bvecs already exists, skipping...
File /scratch/yl148/314225/T1w/Diffusion/data.nii.gz already exists, skipping...
0 files downloaded for subject 314225.
Done!
Collecting images of interest...
File /scratch/yl148/316633/T1w/Diffusion/bvals already exists, skipping...
File /scratch/yl148/316633/T1w/Diffusion/bvecs already exists, skipping...
File /scratch/yl148/316633/T1w/Diffusion/data.nii.gz already exists, skipping...
0 files downloaded for subject 316633.
Done!
Collecting images of interest...
File /scratch/yl148/316835/T1w/Diffusion/bvals already exists, skipping...
File /scratch/yl148/316835/T1w/Diffusion/bvecs already exists, skipping...
File /scratch/yl148/316835/T1w/Diffusion/data.nii.gz already exists, skipping...
0 files downloaded for subject 316835.
Done!
Collecting images of interest...
File /scratch/yl148/317332/T1w/Diffusion/bvals already exists, skipping...
File /scratch/yl148/317332/T1w/Diffusion/bvecs already exists, skipping...
File /scratch/yl148/317332/T1w/Diffusion/data.nii.gz already exists, skipping...
0 files downloaded for subject 317332.
Done!
Collecting images of interest...
File /scratch/yl148/318637/T1w/Diffusion/bvals already exists, skipping...
File /scratch/yl148/318637/T1w/Diffusion/bvecs already exists, skipping...
File /scratch/yl148/318637/T1w/Diffusion/data.nii.gz already exists, skipping...
0 files downloaded for subject 318637.
Done!
Collecting images of interest...
File /scratch/yl148/320826/T1w/Diffusion/bvals already exists, skipping...
File /scratch/yl148/320826/T1w/Diffusion/bvecs already exists, skipping...
File /scratch/yl148/320826/T1w/Diffusion/data.nii.gz already exists, skipping...
0 files downloaded for subject 320826.
Done!
Collecting images of interest...
File /scratch/yl148/321323/T1w/Diffusion/bvals already exists, skipping...
File /scratch/yl148/321323/T1w/Diffusion/bvecs already exists, skipping...
File /scratch/yl148/321323/T1w/Diffusion/data.nii.gz already exists, skipping...
0 files downloaded for subject 321323.
Done!
Collecting images of interest...
File /scratch/yl148/322224/T1w/Diffusion/bvals already exists, skipping...
File /scratch/yl148/322224/T1w/Diffusion/bvecs already exists, skipping...
File /scratch/yl148/322224/T1w/Diffusion/data.nii.gz already exists, skipping...
0 files downloaded for subject 322224.
Done!
Collecting images of interest...
Downloading to: /scratch/yl148/325129/T1w/Diffusion/bvals
FACTS: path: HCP_1200/325129/T1w/Diffusion/bvals, file: /scratch/yl148/325129/T1w/Diffusion/bvals
33.333% percent complete
Downloading to: /scratch/yl148/325129/T1w/Diffusion/bvecs
FACTS: path: HCP_1200/325129/T1w/Diffusion/bvecs, file: /scratch/yl148/325129/T1w/Diffusion/bvecs
66.667% percent complete
Downloading to: /scratch/yl148/325129/T1w/Diffusion/data.nii.gz
FACTS: path: HCP_1200/325129/T1w/Diffusion/data.nii.gz, file: /scratch/yl148/325129/T1w/Diffusion/data.nii.gz
100.000% percent complete
3 files downloaded for subject 325129.
Done!
Collecting images of interest...
Downloading to: /scratch/yl148/329440/T1w/Diffusion/bvals
FACTS: path: HCP_1200/329440/T1w/Diffusion/bvals, file: /scratch/yl148/329440/T1w/Diffusion/bvals
33.333% percent complete
Downloading to: /scratch/yl148/329440/T1w/Diffusion/bvecs
FACTS: path: HCP_1200/329440/T1w/Diffusion/bvecs, file: /scratch/yl148/329440/T1w/Diffusion/bvecs
66.667% percent complete
Downloading to: /scratch/yl148/329440/T1w/Diffusion/data.nii.gz
FACTS: path: HCP_1200/329440/T1w/Diffusion/data.nii.gz, file: /scratch/yl148/329440/T1w/Diffusion/data.nii.gz
100.000% percent complete
3 files downloaded for subject 329440.
Done!
Collecting images of interest...
Downloading to: /scratch/yl148/329844/T1w/Diffusion/bvals
FACTS: path: HCP_1200/329844/T1w/Diffusion/bvals, file: /scratch/yl148/329844/T1w/Diffusion/bvals
33.333% percent complete
Downloading to: /scratch/yl148/329844/T1w/Diffusion/bvecs
FACTS: path: HCP_1200/329844/T1w/Diffusion/bvecs, file: /scratch/yl148/329844/T1w/Diffusion/bvecs
66.667% percent complete
Downloading to: /scratch/yl148/329844/T1w/Diffusion/data.nii.gz
FACTS: path: HCP_1200/329844/T1w/Diffusion/data.nii.gz, file: /scratch/yl148/329844/T1w/Diffusion/data.nii.gz
100.000% percent complete
3 files downloaded for subject 329844.
Done!
Collecting images of interest...
Downloading to: /scratch/yl148/330324/T1w/Diffusion/bvals
FACTS: path: HCP_1200/330324/T1w/Diffusion/bvals, file: /scratch/yl148/330324/T1w/Diffusion/bvals
33.333% percent complete
Downloading to: /scratch/yl148/330324/T1w/Diffusion/bvecs
FACTS: path: HCP_1200/330324/T1w/Diffusion/bvecs, file: /scratch/yl148/330324/T1w/Diffusion/bvecs
66.667% percent complete
Downloading to: /scratch/yl148/330324/T1w/Diffusion/data.nii.gz
FACTS: path: HCP_1200/330324/T1w/Diffusion/data.nii.gz, file: /scratch/yl148/330324/T1w/Diffusion/data.nii.gz
100.000% percent complete
3 files downloaded for subject 330324.
Done!
Collecting images of interest...
Downloading to: /scratch/yl148/333330/T1w/Diffusion/bvals
FACTS: path: HCP_1200/333330/T1w/Diffusion/bvals, file: /scratch/yl148/333330/T1w/Diffusion/bvals
33.333% percent complete
Downloading to: /scratch/yl148/333330/T1w/Diffusion/bvecs
FACTS: path: HCP_1200/333330/T1w/Diffusion/bvecs, file: /scratch/yl148/333330/T1w/Diffusion/bvecs
66.667% percent complete
Downloading to: /scratch/yl148/333330/T1w/Diffusion/data.nii.gz
FACTS: path: HCP_1200/333330/T1w/Diffusion/data.nii.gz, file: /scratch/yl148/333330/T1w/Diffusion/data.nii.gz
100.000% percent complete
3 files downloaded for subject 333330.
Done!
Collecting images of interest...
Downloading to: /scratch/yl148/334635/T1w/Diffusion/bvals
FACTS: path: HCP_1200/334635/T1w/Diffusion/bvals, file: /scratch/yl148/334635/T1w/Diffusion/bvals
33.333% percent complete
Downloading to: /scratch/yl148/334635/T1w/Diffusion/bvecs
FACTS: path: HCP_1200/334635/T1w/Diffusion/bvecs, file: /scratch/yl148/334635/T1w/Diffusion/bvecs
66.667% percent complete
Downloading to: /scratch/yl148/334635/T1w/Diffusion/data.nii.gz
FACTS: path: HCP_1200/334635/T1w/Diffusion/data.nii.gz, file: /scratch/yl148/334635/T1w/Diffusion/data.nii.gz
100.000% percent complete
3 files downloaded for subject 334635.
Done!
Collecting images of interest...
Downloading to: /scratch/yl148/336841/T1w/Diffusion/bvals
FACTS: path: HCP_1200/336841/T1w/Diffusion/bvals, file: /scratch/yl148/336841/T1w/Diffusion/bvals
33.333% percent complete
Downloading to: /scratch/yl148/336841/T1w/Diffusion/bvecs
FACTS: path: HCP_1200/336841/T1w/Diffusion/bvecs, file: /scratch/yl148/336841/T1w/Diffusion/bvecs
66.667% percent complete
Downloading to: /scratch/yl148/336841/T1w/Diffusion/data.nii.gz
FACTS: path: HCP_1200/336841/T1w/Diffusion/data.nii.gz, file: /scratch/yl148/336841/T1w/Diffusion/data.nii.gz
100.000% percent complete
3 files downloaded for subject 336841.
Done!
Collecting images of interest...
Downloading to: /scratch/yl148/339847/T1w/Diffusion/bvals
FACTS: path: HCP_1200/339847/T1w/Diffusion/bvals, file: /scratch/yl148/339847/T1w/Diffusion/bvals
33.333% percent complete
Downloading to: /scratch/yl148/339847/T1w/Diffusion/bvecs
FACTS: path: HCP_1200/339847/T1w/Diffusion/bvecs, file: /scratch/yl148/339847/T1w/Diffusion/bvecs
66.667% percent complete
Downloading to: /scratch/yl148/339847/T1w/Diffusion/data.nii.gz
FACTS: path: HCP_1200/339847/T1w/Diffusion/data.nii.gz, file: /scratch/yl148/339847/T1w/Diffusion/data.nii.gz
100.000% percent complete
3 files downloaded for subject 339847.
Done!
Collecting images of interest...
Downloading to: /scratch/yl148/341834/T1w/Diffusion/bvals
FACTS: path: HCP_1200/341834/T1w/Diffusion/bvals, file: /scratch/yl148/341834/T1w/Diffusion/bvals
33.333% percent complete
Downloading to: /scratch/yl148/341834/T1w/Diffusion/bvecs
FACTS: path: HCP_1200/341834/T1w/Diffusion/bvecs, file: /scratch/yl148/341834/T1w/Diffusion/bvecs
66.667% percent complete
Downloading to: /scratch/yl148/341834/T1w/Diffusion/data.nii.gz
FACTS: path: HCP_1200/341834/T1w/Diffusion/data.nii.gz, file: /scratch/yl148/341834/T1w/Diffusion/data.nii.gz
100.000% percent complete
3 files downloaded for subject 341834.
Done!
Collecting images of interest...
Downloading to: /scratch/yl148/342129/T1w/Diffusion/bvals
FACTS: path: HCP_1200/342129/T1w/Diffusion/bvals, file: /scratch/yl148/342129/T1w/Diffusion/bvals
33.333% percent complete
Downloading to: /scratch/yl148/342129/T1w/Diffusion/bvecs
FACTS: path: HCP_1200/342129/T1w/Diffusion/bvecs, file: /scratch/yl148/342129/T1w/Diffusion/bvecs
66.667% percent complete
Downloading to: /scratch/yl148/342129/T1w/Diffusion/data.nii.gz
FACTS: path: HCP_1200/342129/T1w/Diffusion/data.nii.gz, file: /scratch/yl148/342129/T1w/Diffusion/data.nii.gz
100.000% percent complete
3 files downloaded for subject 342129.
Done!
Collecting images of interest...
Downloading to: /scratch/yl148/346137/T1w/Diffusion/bvals
FACTS: path: HCP_1200/346137/T1w/Diffusion/bvals, file: /scratch/yl148/346137/T1w/Diffusion/bvals
33.333% percent complete
Downloading to: /scratch/yl148/346137/T1w/Diffusion/bvecs
FACTS: path: HCP_1200/346137/T1w/Diffusion/bvecs, file: /scratch/yl148/346137/T1w/Diffusion/bvecs
66.667% percent complete
Downloading to: /scratch/yl148/346137/T1w/Diffusion/data.nii.gz
FACTS: path: HCP_1200/346137/T1w/Diffusion/data.nii.gz, file: /scratch/yl148/346137/T1w/Diffusion/data.nii.gz
100.000% percent complete
3 files downloaded for subject 346137.
Done!
Collecting images of interest...
Downloading to: /scratch/yl148/346945/T1w/Diffusion/bvals
FACTS: path: HCP_1200/346945/T1w/Diffusion/bvals, file: /scratch/yl148/346945/T1w/Diffusion/bvals
33.333% percent complete
Downloading to: /scratch/yl148/346945/T1w/Diffusion/bvecs
FACTS: path: HCP_1200/346945/T1w/Diffusion/bvecs, file: /scratch/yl148/346945/T1w/Diffusion/bvecs
66.667% percent complete
Downloading to: /scratch/yl148/346945/T1w/Diffusion/data.nii.gz
FACTS: path: HCP_1200/346945/T1w/Diffusion/data.nii.gz, file: /scratch/yl148/346945/T1w/Diffusion/data.nii.gz
100.000% percent complete
3 files downloaded for subject 346945.
Done!
Collecting images of interest...
Downloading to: /scratch/yl148/348545/T1w/Diffusion/bvals
FACTS: path: HCP_1200/348545/T1w/Diffusion/bvals, file: /scratch/yl148/348545/T1w/Diffusion/bvals
33.333% percent complete
Downloading to: /scratch/yl148/348545/T1w/Diffusion/bvecs
FACTS: path: HCP_1200/348545/T1w/Diffusion/bvecs, file: /scratch/yl148/348545/T1w/Diffusion/bvecs
66.667% percent complete
Downloading to: /scratch/yl148/348545/T1w/Diffusion/data.nii.gz
FACTS: path: HCP_1200/348545/T1w/Diffusion/data.nii.gz, file: /scratch/yl148/348545/T1w/Diffusion/data.nii.gz
100.000% percent complete
3 files downloaded for subject 348545.
Done!
Collecting images of interest...
Downloading to: /scratch/yl148/349244/T1w/Diffusion/bvals
FACTS: path: HCP_1200/349244/T1w/Diffusion/bvals, file: /scratch/yl148/349244/T1w/Diffusion/bvals
33.333% percent complete
Downloading to: /scratch/yl148/349244/T1w/Diffusion/bvecs
FACTS: path: HCP_1200/349244/T1w/Diffusion/bvecs, file: /scratch/yl148/349244/T1w/Diffusion/bvecs
66.667% percent complete
Downloading to: /scratch/yl148/349244/T1w/Diffusion/data.nii.gz
FACTS: path: HCP_1200/349244/T1w/Diffusion/data.nii.gz, file: /scratch/yl148/349244/T1w/Diffusion/data.nii.gz
100.000% percent complete
3 files downloaded for subject 349244.
Done!
Collecting images of interest...
Downloading to: /scratch/yl148/350330/T1w/Diffusion/bvals
FACTS: path: HCP_1200/350330/T1w/Diffusion/bvals, file: /scratch/yl148/350330/T1w/Diffusion/bvals
33.333% percent complete
Downloading to: /scratch/yl148/350330/T1w/Diffusion/bvecs
FACTS: path: HCP_1200/350330/T1w/Diffusion/bvecs, file: /scratch/yl148/350330/T1w/Diffusion/bvecs
66.667% percent complete
Downloading to: /scratch/yl148/350330/T1w/Diffusion/data.nii.gz
FACTS: path: HCP_1200/350330/T1w/Diffusion/data.nii.gz, file: /scratch/yl148/350330/T1w/Diffusion/data.nii.gz
100.000% percent complete
3 files downloaded for subject 350330.
Done!
Collecting images of interest...
Downloading to: /scratch/yl148/351938/T1w/Diffusion/bvals
FACTS: path: HCP_1200/351938/T1w/Diffusion/bvals, file: /scratch/yl148/351938/T1w/Diffusion/bvals
33.333% percent complete
Downloading to: /scratch/yl148/351938/T1w/Diffusion/bvecs
FACTS: path: HCP_1200/351938/T1w/Diffusion/bvecs, file: /scratch/yl148/351938/T1w/Diffusion/bvecs
66.667% percent complete
Downloading to: /scratch/yl148/351938/T1w/Diffusion/data.nii.gz
FACTS: path: HCP_1200/351938/T1w/Diffusion/data.nii.gz, file: /scratch/yl148/351938/T1w/Diffusion/data.nii.gz
100.000% percent complete
3 files downloaded for subject 351938.
Done!
Collecting images of interest...
Downloading to: /scratch/yl148/352132/T1w/Diffusion/bvals
FACTS: path: HCP_1200/352132/T1w/Diffusion/bvals, file: /scratch/yl148/352132/T1w/Diffusion/bvals
33.333% percent complete
Downloading to: /scratch/yl148/352132/T1w/Diffusion/bvecs
FACTS: path: HCP_1200/352132/T1w/Diffusion/bvecs, file: /scratch/yl148/352132/T1w/Diffusion/bvecs
66.667% percent complete
Downloading to: /scratch/yl148/352132/T1w/Diffusion/data.nii.gz
FACTS: path: HCP_1200/352132/T1w/Diffusion/data.nii.gz, file: /scratch/yl148/352132/T1w/Diffusion/data.nii.gz
100.000% percent complete
3 files downloaded for subject 352132.
Done!
Collecting images of interest...
Downloading to: /scratch/yl148/352738/T1w/Diffusion/bvals
FACTS: path: HCP_1200/352738/T1w/Diffusion/bvals, file: /scratch/yl148/352738/T1w/Diffusion/bvals
33.333% percent complete
Downloading to: /scratch/yl148/352738/T1w/Diffusion/bvecs
FACTS: path: HCP_1200/352738/T1w/Diffusion/bvecs, file: /scratch/yl148/352738/T1w/Diffusion/bvecs
66.667% percent complete
Downloading to: /scratch/yl148/352738/T1w/Diffusion/data.nii.gz
FACTS: path: HCP_1200/352738/T1w/Diffusion/data.nii.gz, file: /scratch/yl148/352738/T1w/Diffusion/data.nii.gz
100.000% percent complete
3 files downloaded for subject 352738.
Done!
Collecting images of interest...
Downloading to: /scratch/yl148/353740/T1w/Diffusion/bvals
FACTS: path: HCP_1200/353740/T1w/Diffusion/bvals, file: /scratch/yl148/353740/T1w/Diffusion/bvals
33.333% percent complete
Downloading to: /scratch/yl148/353740/T1w/Diffusion/bvecs
FACTS: path: HCP_1200/353740/T1w/Diffusion/bvecs, file: /scratch/yl148/353740/T1w/Diffusion/bvecs
66.667% percent complete
Downloading to: /scratch/yl148/353740/T1w/Diffusion/data.nii.gz
FACTS: path: HCP_1200/353740/T1w/Diffusion/data.nii.gz, file: /scratch/yl148/353740/T1w/Diffusion/data.nii.gz
100.000% percent complete
3 files downloaded for subject 353740.
Done!
Collecting images of interest...
Downloading to: /scratch/yl148/355239/T1w/Diffusion/bvals
FACTS: path: HCP_1200/355239/T1w/Diffusion/bvals, file: /scratch/yl148/355239/T1w/Diffusion/bvals
33.333% percent complete
Downloading to: /scratch/yl148/355239/T1w/Diffusion/bvecs
FACTS: path: HCP_1200/355239/T1w/Diffusion/bvecs, file: /scratch/yl148/355239/T1w/Diffusion/bvecs
66.667% percent complete
Downloading to: /scratch/yl148/355239/T1w/Diffusion/data.nii.gz
FACTS: path: HCP_1200/355239/T1w/Diffusion/data.nii.gz, file: /scratch/yl148/355239/T1w/Diffusion/data.nii.gz
100.000% percent complete
3 files downloaded for subject 355239.
Done!
Collecting images of interest...
Downloading to: /scratch/yl148/356948/T1w/Diffusion/bvals
FACTS: path: HCP_1200/356948/T1w/Diffusion/bvals, file: /scratch/yl148/356948/T1w/Diffusion/bvals
33.333% percent complete
Downloading to: /scratch/yl148/356948/T1w/Diffusion/bvecs
FACTS: path: HCP_1200/356948/T1w/Diffusion/bvecs, file: /scratch/yl148/356948/T1w/Diffusion/bvecs
66.667% percent complete
Downloading to: /scratch/yl148/356948/T1w/Diffusion/data.nii.gz
FACTS: path: HCP_1200/356948/T1w/Diffusion/data.nii.gz, file: /scratch/yl148/356948/T1w/Diffusion/data.nii.gz
100.000% percent complete
3 files downloaded for subject 356948.
Done!
Collecting images of interest...
Downloading to: /scratch/yl148/358144/T1w/Diffusion/bvals
FACTS: path: HCP_1200/358144/T1w/Diffusion/bvals, file: /scratch/yl148/358144/T1w/Diffusion/bvals
33.333% percent complete
Downloading to: /scratch/yl148/358144/T1w/Diffusion/bvecs
FACTS: path: HCP_1200/358144/T1w/Diffusion/bvecs, file: /scratch/yl148/358144/T1w/Diffusion/bvecs
66.667% percent complete
Downloading to: /scratch/yl148/358144/T1w/Diffusion/data.nii.gz
FACTS: path: HCP_1200/358144/T1w/Diffusion/data.nii.gz, file: /scratch/yl148/358144/T1w/Diffusion/data.nii.gz
100.000% percent complete
3 files downloaded for subject 358144.
Done!
Collecting images of interest...
Downloading to: /scratch/yl148/360030/T1w/Diffusion/bvals
FACTS: path: HCP_1200/360030/T1w/Diffusion/bvals, file: /scratch/yl148/360030/T1w/Diffusion/bvals
33.333% percent complete
Downloading to: /scratch/yl148/360030/T1w/Diffusion/bvecs
FACTS: path: HCP_1200/360030/T1w/Diffusion/bvecs, file: /scratch/yl148/360030/T1w/Diffusion/bvecs
66.667% percent complete
Downloading to: /scratch/yl148/360030/T1w/Diffusion/data.nii.gz
FACTS: path: HCP_1200/360030/T1w/Diffusion/data.nii.gz, file: /scratch/yl148/360030/T1w/Diffusion/data.nii.gz
100.000% percent complete
3 files downloaded for subject 360030.
Done!
Collecting images of interest...
Downloading to: /scratch/yl148/361234/T1w/Diffusion/bvals
FACTS: path: HCP_1200/361234/T1w/Diffusion/bvals, file: /scratch/yl148/361234/T1w/Diffusion/bvals
33.333% percent complete
Downloading to: /scratch/yl148/361234/T1w/Diffusion/bvecs
FACTS: path: HCP_1200/361234/T1w/Diffusion/bvecs, file: /scratch/yl148/361234/T1w/Diffusion/bvecs
66.667% percent complete
Downloading to: /scratch/yl148/361234/T1w/Diffusion/data.nii.gz
FACTS: path: HCP_1200/361234/T1w/Diffusion/data.nii.gz, file: /scratch/yl148/361234/T1w/Diffusion/data.nii.gz
100.000% percent complete
3 files downloaded for subject 361234.
Done!
Collecting images of interest...
Downloading to: /scratch/yl148/361941/T1w/Diffusion/bvals
FACTS: path: HCP_1200/361941/T1w/Diffusion/bvals, file: /scratch/yl148/361941/T1w/Diffusion/bvals
33.333% percent complete
Downloading to: /scratch/yl148/361941/T1w/Diffusion/bvecs
FACTS: path: HCP_1200/361941/T1w/Diffusion/bvecs, file: /scratch/yl148/361941/T1w/Diffusion/bvecs
66.667% percent complete
Downloading to: /scratch/yl148/361941/T1w/Diffusion/data.nii.gz
FACTS: path: HCP_1200/361941/T1w/Diffusion/data.nii.gz, file: /scratch/yl148/361941/T1w/Diffusion/data.nii.gz
100.000% percent complete
3 files downloaded for subject 361941.
Done!
Collecting images of interest...
Downloading to: /scratch/yl148/362034/T1w/Diffusion/bvals
FACTS: path: HCP_1200/362034/T1w/Diffusion/bvals, file: /scratch/yl148/362034/T1w/Diffusion/bvals
33.333% percent complete
Downloading to: /scratch/yl148/362034/T1w/Diffusion/bvecs
FACTS: path: HCP_1200/362034/T1w/Diffusion/bvecs, file: /scratch/yl148/362034/T1w/Diffusion/bvecs
66.667% percent complete
Downloading to: /scratch/yl148/362034/T1w/Diffusion/data.nii.gz
FACTS: path: HCP_1200/362034/T1w/Diffusion/data.nii.gz, file: /scratch/yl148/362034/T1w/Diffusion/data.nii.gz
100.000% percent complete
3 files downloaded for subject 362034.
Done!
Collecting images of interest...
Downloading to: /scratch/yl148/365343/T1w/Diffusion/bvals
FACTS: path: HCP_1200/365343/T1w/Diffusion/bvals, file: /scratch/yl148/365343/T1w/Diffusion/bvals
33.333% percent complete
Downloading to: /scratch/yl148/365343/T1w/Diffusion/bvecs
FACTS: path: HCP_1200/365343/T1w/Diffusion/bvecs, file: /scratch/yl148/365343/T1w/Diffusion/bvecs
66.667% percent complete
Downloading to: /scratch/yl148/365343/T1w/Diffusion/data.nii.gz
FACTS: path: HCP_1200/365343/T1w/Diffusion/data.nii.gz, file: /scratch/yl148/365343/T1w/Diffusion/data.nii.gz
100.000% percent complete
3 files downloaded for subject 365343.
Done!
Collecting images of interest...
Downloading to: /scratch/yl148/366042/T1w/Diffusion/bvals
FACTS: path: HCP_1200/366042/T1w/Diffusion/bvals, file: /scratch/yl148/366042/T1w/Diffusion/bvals
33.333% percent complete
Downloading to: /scratch/yl148/366042/T1w/Diffusion/bvecs
FACTS: path: HCP_1200/366042/T1w/Diffusion/bvecs, file: /scratch/yl148/366042/T1w/Diffusion/bvecs
66.667% percent complete
Downloading to: /scratch/yl148/366042/T1w/Diffusion/data.nii.gz
FACTS: path: HCP_1200/366042/T1w/Diffusion/data.nii.gz, file: /scratch/yl148/366042/T1w/Diffusion/data.nii.gz
100.000% percent complete
3 files downloaded for subject 366042.
Done!
Collecting images of interest...
Downloading to: /scratch/yl148/366446/T1w/Diffusion/bvals
FACTS: path: HCP_1200/366446/T1w/Diffusion/bvals, file: /scratch/yl148/366446/T1w/Diffusion/bvals
33.333% percent complete
Downloading to: /scratch/yl148/366446/T1w/Diffusion/bvecs
FACTS: path: HCP_1200/366446/T1w/Diffusion/bvecs, file: /scratch/yl148/366446/T1w/Diffusion/bvecs
66.667% percent complete
Downloading to: /scratch/yl148/366446/T1w/Diffusion/data.nii.gz
FACTS: path: HCP_1200/366446/T1w/Diffusion/data.nii.gz, file: /scratch/yl148/366446/T1w/Diffusion/data.nii.gz
100.000% percent complete
3 files downloaded for subject 366446.
Done!
Collecting images of interest...
Downloading to: /scratch/yl148/368551/T1w/Diffusion/bvals
FACTS: path: HCP_1200/368551/T1w/Diffusion/bvals, file: /scratch/yl148/368551/T1w/Diffusion/bvals
33.333% percent complete
Downloading to: /scratch/yl148/368551/T1w/Diffusion/bvecs
FACTS: path: HCP_1200/368551/T1w/Diffusion/bvecs, file: /scratch/yl148/368551/T1w/Diffusion/bvecs
66.667% percent complete
Downloading to: /scratch/yl148/368551/T1w/Diffusion/data.nii.gz
FACTS: path: HCP_1200/368551/T1w/Diffusion/data.nii.gz, file: /scratch/yl148/368551/T1w/Diffusion/data.nii.gz
100.000% percent complete
3 files downloaded for subject 368551.
Done!
Collecting images of interest...
Downloading to: /scratch/yl148/368753/T1w/Diffusion/bvals
FACTS: path: HCP_1200/368753/T1w/Diffusion/bvals, file: /scratch/yl148/368753/T1w/Diffusion/bvals
33.333% percent complete
Downloading to: /scratch/yl148/368753/T1w/Diffusion/bvecs
FACTS: path: HCP_1200/368753/T1w/Diffusion/bvecs, file: /scratch/yl148/368753/T1w/Diffusion/bvecs
66.667% percent complete
Downloading to: /scratch/yl148/368753/T1w/Diffusion/data.nii.gz
FACTS: path: HCP_1200/368753/T1w/Diffusion/data.nii.gz, file: /scratch/yl148/368753/T1w/Diffusion/data.nii.gz
100.000% percent complete
3 files downloaded for subject 368753.
Done!
Collecting images of interest...
Downloading to: /scratch/yl148/371843/T1w/Diffusion/bvals
FACTS: path: HCP_1200/371843/T1w/Diffusion/bvals, file: /scratch/yl148/371843/T1w/Diffusion/bvals
33.333% percent complete
Downloading to: /scratch/yl148/371843/T1w/Diffusion/bvecs
FACTS: path: HCP_1200/371843/T1w/Diffusion/bvecs, file: /scratch/yl148/371843/T1w/Diffusion/bvecs
66.667% percent complete
Downloading to: /scratch/yl148/371843/T1w/Diffusion/data.nii.gz
FACTS: path: HCP_1200/371843/T1w/Diffusion/data.nii.gz, file: /scratch/yl148/371843/T1w/Diffusion/data.nii.gz
100.000% percent complete
3 files downloaded for subject 371843.
Done!
Collecting images of interest...
Downloading to: /scratch/yl148/376247/T1w/Diffusion/bvals
FACTS: path: HCP_1200/376247/T1w/Diffusion/bvals, file: /scratch/yl148/376247/T1w/Diffusion/bvals
33.333% percent complete
Downloading to: /scratch/yl148/376247/T1w/Diffusion/bvecs
FACTS: path: HCP_1200/376247/T1w/Diffusion/bvecs, file: /scratch/yl148/376247/T1w/Diffusion/bvecs
66.667% percent complete
Downloading to: /scratch/yl148/376247/T1w/Diffusion/data.nii.gz
FACTS: path: HCP_1200/376247/T1w/Diffusion/data.nii.gz, file: /scratch/yl148/376247/T1w/Diffusion/data.nii.gz
100.000% percent complete
3 files downloaded for subject 376247.
Done!
Intel MKL FATAL ERROR: Cannot load /opt/apps/software/Core/Anaconda3/5.0.0/lib/python3.6/site-packages/numpy/core/../../../../libmkl_rt.so.
Intel MKL FATAL ERROR: Cannot load /opt/apps/software/Core/Anaconda3/5.0.0/lib/python3.6/site-packages/numpy/core/../../../../libmkl_rt.so.
Intel MKL FATAL ERROR: Cannot load /opt/apps/software/Core/Anaconda3/5.0.0/lib/python3.6/site-packages/numpy/core/../../../../libmkl_rt.so.
Intel MKL FATAL ERROR: Cannot load /opt/apps/software/Core/Anaconda3/5.0.0/lib/python3.6/site-packages/numpy/core/../../../../libmkl_rt.so.
Intel MKL FATAL ERROR: Cannot load /opt/apps/software/Core/Anaconda3/5.0.0/lib/python3.6/site-packages/numpy/core/../../../../libmkl_rt.so.
Intel MKL FATAL ERROR: Cannot load /opt/apps/software/Core/Anaconda3/5.0.0/lib/python3.6/site-packages/numpy/core/../../../../libmkl_rt.so.
Intel MKL FATAL ERROR: Cannot load /opt/apps/software/Core/Anaconda3/5.0.0/lib/python3.6/site-packages/numpy/core/../../../../libmkl_rt.so.
Intel MKL FATAL ERROR: Cannot load /opt/apps/software/Core/Anaconda3/5.0.0/lib/python3.6/site-packages/numpy/core/../../../../libmkl_rt.so.
Intel MKL FATAL ERROR: Cannot load /opt/apps/software/Core/Anaconda3/5.0.0/lib/python3.6/site-packages/numpy/core/../../../../libmkl_rt.so.
Intel MKL FATAL ERROR: Cannot load /opt/apps/software/Core/Anaconda3/5.0.0/lib/python3.6/site-packages/numpy/core/../../../../libmkl_rt.so.
Intel MKL FATAL ERROR: Cannot load /opt/apps/software/Core/Anaconda3/5.0.0/lib/python3.6/site-packages/numpy/core/../../../../libmkl_rt.so.
Intel MKL FATAL ERROR: Cannot load /opt/apps/software/Core/Anaconda3/5.0.0/lib/python3.6/site-packages/numpy/core/../../../../libmkl_rt.so.
Intel MKL FATAL ERROR: Cannot load /opt/apps/software/Core/Anaconda3/5.0.0/lib/python3.6/site-packages/numpy/core/../../../../libmkl_rt.so.
Intel MKL FATAL ERROR: Cannot load /opt/apps/software/Core/Anaconda3/5.0.0/lib/python3.6/site-packages/numpy/core/../../../../libmkl_rt.so.
Intel MKL FATAL ERROR: Cannot load /opt/apps/software/Core/Anaconda3/5.0.0/lib/python3.6/site-packages/numpy/core/../../../../libmkl_rt.so.
Intel MKL FATAL ERROR: Cannot load /opt/apps/software/Core/Anaconda3/5.0.0/lib/python3.6/site-packages/numpy/core/../../../../libmkl_rt.so.
Intel MKL FATAL ERROR: Cannot load /opt/apps/software/Core/Anaconda3/5.0.0/lib/python3.6/site-packages/numpy/core/../../../../libmkl_rt.so.
Intel MKL FATAL ERROR: Cannot load /opt/apps/software/Core/Anaconda3/5.0.0/lib/python3.6/site-packages/numpy/core/../../../../libmkl_rt.so.
Intel MKL FATAL ERROR: Cannot load /opt/apps/software/Core/Anaconda3/5.0.0/lib/python3.6/site-packages/numpy/core/../../../../libmkl_rt.so.
Intel MKL FATAL ERROR: Cannot load /opt/apps/software/Core/Anaconda3/5.0.0/lib/python3.6/site-packages/numpy/core/../../../../libmkl_rt.so.
Intel MKL FATAL ERROR: Cannot load /opt/apps/software/Core/Anaconda3/5.0.0/lib/python3.6/site-packages/numpy/core/../../../../libmkl_rt.so.
Intel MKL FATAL ERROR: Cannot load /opt/apps/software/Core/Anaconda3/5.0.0/lib/python3.6/site-packages/numpy/core/../../../../libmkl_rt.so.
Intel MKL FATAL ERROR: Cannot load /opt/apps/software/Core/Anaconda3/5.0.0/lib/python3.6/site-packages/numpy/core/../../../../libmkl_rt.so.
Intel MKL FATAL ERROR: Cannot load /opt/apps/software/Core/Anaconda3/5.0.0/lib/python3.6/site-packages/numpy/core/../../../../libmkl_rt.so.
Intel MKL FATAL ERROR: Cannot load /opt/apps/software/Core/Anaconda3/5.0.0/lib/python3.6/site-packages/numpy/core/../../../../libmkl_rt.so.
Intel MKL FATAL ERROR: Cannot load /opt/apps/software/Core/Anaconda3/5.0.0/lib/python3.6/site-packages/numpy/core/../../../../libmkl_rt.so.
Intel MKL FATAL ERROR: Cannot load /opt/apps/software/Core/Anaconda3/5.0.0/lib/python3.6/site-packages/numpy/core/../../../../libmkl_rt.so.
Intel MKL FATAL ERROR: Cannot load /opt/apps/software/Core/Anaconda3/5.0.0/lib/python3.6/site-packages/numpy/core/../../../../libmkl_rt.so.
Intel MKL FATAL ERROR: Cannot load /opt/apps/software/Core/Anaconda3/5.0.0/lib/python3.6/site-packages/numpy/core/../../../../libmkl_rt.so.
Intel MKL FATAL ERROR: Cannot load /opt/apps/software/Core/Anaconda3/5.0.0/lib/python3.6/site-packages/numpy/core/../../../../libmkl_rt.so.
Intel MKL FATAL ERROR: Cannot load /opt/apps/software/Core/Anaconda3/5.0.0/lib/python3.6/site-packages/numpy/core/../../../../libmkl_rt.so.
Intel MKL FATAL ERROR: Cannot load /opt/apps/software/Core/Anaconda3/5.0.0/lib/python3.6/site-packages/numpy/core/../../../../libmkl_rt.so.
Intel MKL FATAL ERROR: Cannot load /opt/apps/software/Core/Anaconda3/5.0.0/lib/python3.6/site-packages/numpy/core/../../../../libmkl_rt.so.
Intel MKL FATAL ERROR: Cannot load /opt/apps/software/Core/Anaconda3/5.0.0/lib/python3.6/site-packages/numpy/core/../../../../libmkl_rt.so.
Intel MKL FATAL ERROR: Cannot load /opt/apps/software/Core/Anaconda3/5.0.0/lib/python3.6/site-packages/numpy/core/../../../../libmkl_rt.so.
Intel MKL FATAL ERROR: Cannot load /opt/apps/software/Core/Anaconda3/5.0.0/lib/python3.6/site-packages/numpy/core/../../../../libmkl_rt.so.
Intel MKL FATAL ERROR: Cannot load /opt/apps/software/Core/Anaconda3/5.0.0/lib/python3.6/site-packages/numpy/core/../../../../libmkl_rt.so.
Intel MKL FATAL ERROR: Cannot load /opt/apps/software/Core/Anaconda3/5.0.0/lib/python3.6/site-packages/numpy/core/../../../../libmkl_rt.so.
Intel MKL FATAL ERROR: Cannot load /opt/apps/software/Core/Anaconda3/5.0.0/lib/python3.6/site-packages/numpy/core/../../../../libmkl_rt.so.
Intel MKL FATAL ERROR: Cannot load /opt/apps/software/Core/Anaconda3/5.0.0/lib/python3.6/site-packages/numpy/core/../../../../libmkl_rt.so.
Intel MKL FATAL ERROR: Cannot load /opt/apps/software/Core/Anaconda3/5.0.0/lib/python3.6/site-packages/numpy/core/../../../../libmkl_rt.so.
Intel MKL FATAL ERROR: Cannot load /opt/apps/software/Core/Anaconda3/5.0.0/lib/python3.6/site-packages/numpy/core/../../../../libmkl_rt.so.
Intel MKL FATAL ERROR: Cannot load /opt/apps/software/Core/Anaconda3/5.0.0/lib/python3.6/site-packages/numpy/core/../../../../libmkl_rt.so.
Intel MKL FATAL ERROR: Cannot load /opt/apps/software/Core/Anaconda3/5.0.0/lib/python3.6/site-packages/numpy/core/../../../../libmkl_rt.so.
slurmstepd: Exceeded step memory limit at some point.
