Collecting images of interest...
File /scratch/yl148/299154/T1w/Diffusion/bvals already exists, skipping...
File /scratch/yl148/299154/T1w/Diffusion/bvecs already exists, skipping...
File /scratch/yl148/299154/T1w/Diffusion/data.nii.gz already exists, skipping...
0 files downloaded for subject 299154.
Done!
Collecting images of interest...
File /scratch/yl148/299760/T1w/Diffusion/bvals already exists, skipping...
File /scratch/yl148/299760/T1w/Diffusion/bvecs already exists, skipping...
File /scratch/yl148/299760/T1w/Diffusion/data.nii.gz already exists, skipping...
0 files downloaded for subject 299760.
Done!
Collecting images of interest...
File /scratch/yl148/300618/T1w/Diffusion/bvals already exists, skipping...
File /scratch/yl148/300618/T1w/Diffusion/bvecs already exists, skipping...
File /scratch/yl148/300618/T1w/Diffusion/data.nii.gz already exists, skipping...
0 files downloaded for subject 300618.
Done!
Collecting images of interest...
File /scratch/yl148/300719/T1w/Diffusion/bvals already exists, skipping...
File /scratch/yl148/300719/T1w/Diffusion/bvecs already exists, skipping...
File /scratch/yl148/300719/T1w/Diffusion/data.nii.gz already exists, skipping...
0 files downloaded for subject 300719.
Done!
Collecting images of interest...
File /scratch/yl148/303119/T1w/Diffusion/bvals already exists, skipping...
File /scratch/yl148/303119/T1w/Diffusion/bvecs already exists, skipping...
File /scratch/yl148/303119/T1w/Diffusion/data.nii.gz already exists, skipping...
0 files downloaded for subject 303119.
Done!
Collecting images of interest...
File /scratch/yl148/303624/T1w/Diffusion/bvals already exists, skipping...
File /scratch/yl148/303624/T1w/Diffusion/bvecs already exists, skipping...
File /scratch/yl148/303624/T1w/Diffusion/data.nii.gz already exists, skipping...
0 files downloaded for subject 303624.
Done!
Collecting images of interest...
File /scratch/yl148/304020/T1w/Diffusion/bvals already exists, skipping...
File /scratch/yl148/304020/T1w/Diffusion/bvecs already exists, skipping...
File /scratch/yl148/304020/T1w/Diffusion/data.nii.gz already exists, skipping...
0 files downloaded for subject 304020.
Done!
Collecting images of interest...
File /scratch/yl148/304727/T1w/Diffusion/bvals already exists, skipping...
File /scratch/yl148/304727/T1w/Diffusion/bvecs already exists, skipping...
File /scratch/yl148/304727/T1w/Diffusion/data.nii.gz already exists, skipping...
0 files downloaded for subject 304727.
Done!
Collecting images of interest...
File /scratch/yl148/305830/T1w/Diffusion/bvals already exists, skipping...
File /scratch/yl148/305830/T1w/Diffusion/bvecs already exists, skipping...
File /scratch/yl148/305830/T1w/Diffusion/data.nii.gz already exists, skipping...
0 files downloaded for subject 305830.
Done!
Collecting images of interest...
File /scratch/yl148/307127/T1w/Diffusion/bvals already exists, skipping...
File /scratch/yl148/307127/T1w/Diffusion/bvecs already exists, skipping...
File /scratch/yl148/307127/T1w/Diffusion/data.nii.gz already exists, skipping...
0 files downloaded for subject 307127.
Done!
Collecting images of interest...
File /scratch/yl148/308129/T1w/Diffusion/bvals already exists, skipping...
File /scratch/yl148/308129/T1w/Diffusion/bvecs already exists, skipping...
File /scratch/yl148/308129/T1w/Diffusion/data.nii.gz already exists, skipping...
0 files downloaded for subject 308129.
Done!
Collecting images of interest...
File /scratch/yl148/308331/T1w/Diffusion/bvals already exists, skipping...
File /scratch/yl148/308331/T1w/Diffusion/bvecs already exists, skipping...
File /scratch/yl148/308331/T1w/Diffusion/data.nii.gz already exists, skipping...
0 files downloaded for subject 308331.
Done!
Collecting images of interest...
File /scratch/yl148/309636/T1w/Diffusion/bvals already exists, skipping...
File /scratch/yl148/309636/T1w/Diffusion/bvecs already exists, skipping...
File /scratch/yl148/309636/T1w/Diffusion/data.nii.gz already exists, skipping...
0 files downloaded for subject 309636.
Done!
Collecting images of interest...
File /scratch/yl148/310621/T1w/Diffusion/bvals already exists, skipping...
File /scratch/yl148/310621/T1w/Diffusion/bvecs already exists, skipping...
File /scratch/yl148/310621/T1w/Diffusion/data.nii.gz already exists, skipping...
0 files downloaded for subject 310621.
Done!
Collecting images of interest...
File /scratch/yl148/311320/T1w/Diffusion/bvals already exists, skipping...
File /scratch/yl148/311320/T1w/Diffusion/bvecs already exists, skipping...
File /scratch/yl148/311320/T1w/Diffusion/data.nii.gz already exists, skipping...
0 files downloaded for subject 311320.
Done!
Collecting images of interest...
File /scratch/yl148/314225/T1w/Diffusion/bvals already exists, skipping...
File /scratch/yl148/314225/T1w/Diffusion/bvecs already exists, skipping...
File /scratch/yl148/314225/T1w/Diffusion/data.nii.gz already exists, skipping...
0 files downloaded for subject 314225.
Done!
Collecting images of interest...
File /scratch/yl148/316633/T1w/Diffusion/bvals already exists, skipping...
File /scratch/yl148/316633/T1w/Diffusion/bvecs already exists, skipping...
File /scratch/yl148/316633/T1w/Diffusion/data.nii.gz already exists, skipping...
0 files downloaded for subject 316633.
Done!
Collecting images of interest...
File /scratch/yl148/316835/T1w/Diffusion/bvals already exists, skipping...
File /scratch/yl148/316835/T1w/Diffusion/bvecs already exists, skipping...
File /scratch/yl148/316835/T1w/Diffusion/data.nii.gz already exists, skipping...
0 files downloaded for subject 316835.
Done!
Collecting images of interest...
File /scratch/yl148/317332/T1w/Diffusion/bvals already exists, skipping...
File /scratch/yl148/317332/T1w/Diffusion/bvecs already exists, skipping...
File /scratch/yl148/317332/T1w/Diffusion/data.nii.gz already exists, skipping...
0 files downloaded for subject 317332.
Done!
Collecting images of interest...
File /scratch/yl148/318637/T1w/Diffusion/bvals already exists, skipping...
File /scratch/yl148/318637/T1w/Diffusion/bvecs already exists, skipping...
File /scratch/yl148/318637/T1w/Diffusion/data.nii.gz already exists, skipping...
0 files downloaded for subject 318637.
Done!
Collecting images of interest...
File /scratch/yl148/320826/T1w/Diffusion/bvals already exists, skipping...
File /scratch/yl148/320826/T1w/Diffusion/bvecs already exists, skipping...
File /scratch/yl148/320826/T1w/Diffusion/data.nii.gz already exists, skipping...
0 files downloaded for subject 320826.
Done!
Collecting images of interest...
File /scratch/yl148/321323/T1w/Diffusion/bvals already exists, skipping...
File /scratch/yl148/321323/T1w/Diffusion/bvecs already exists, skipping...
File /scratch/yl148/321323/T1w/Diffusion/data.nii.gz already exists, skipping...
0 files downloaded for subject 321323.
Done!
Collecting images of interest...
File /scratch/yl148/322224/T1w/Diffusion/bvals already exists, skipping...
File /scratch/yl148/322224/T1w/Diffusion/bvecs already exists, skipping...
File /scratch/yl148/322224/T1w/Diffusion/data.nii.gz already exists, skipping...
0 files downloaded for subject 322224.
Done!
Collecting images of interest...
File /scratch/yl148/325129/T1w/Diffusion/bvals already exists, skipping...
File /scratch/yl148/325129/T1w/Diffusion/bvecs already exists, skipping...
File /scratch/yl148/325129/T1w/Diffusion/data.nii.gz already exists, skipping...
0 files downloaded for subject 325129.
Done!
Collecting images of interest...
File /scratch/yl148/329440/T1w/Diffusion/bvals already exists, skipping...
File /scratch/yl148/329440/T1w/Diffusion/bvecs already exists, skipping...
File /scratch/yl148/329440/T1w/Diffusion/data.nii.gz already exists, skipping...
0 files downloaded for subject 329440.
Done!
Collecting images of interest...
File /scratch/yl148/329844/T1w/Diffusion/bvals already exists, skipping...
File /scratch/yl148/329844/T1w/Diffusion/bvecs already exists, skipping...
File /scratch/yl148/329844/T1w/Diffusion/data.nii.gz already exists, skipping...
0 files downloaded for subject 329844.
Done!
Collecting images of interest...
File /scratch/yl148/330324/T1w/Diffusion/bvals already exists, skipping...
File /scratch/yl148/330324/T1w/Diffusion/bvecs already exists, skipping...
File /scratch/yl148/330324/T1w/Diffusion/data.nii.gz already exists, skipping...
0 files downloaded for subject 330324.
Done!
Collecting images of interest...
File /scratch/yl148/333330/T1w/Diffusion/bvals already exists, skipping...
File /scratch/yl148/333330/T1w/Diffusion/bvecs already exists, skipping...
File /scratch/yl148/333330/T1w/Diffusion/data.nii.gz already exists, skipping...
0 files downloaded for subject 333330.
Done!
Collecting images of interest...
File /scratch/yl148/334635/T1w/Diffusion/bvals already exists, skipping...
File /scratch/yl148/334635/T1w/Diffusion/bvecs already exists, skipping...
File /scratch/yl148/334635/T1w/Diffusion/data.nii.gz already exists, skipping...
0 files downloaded for subject 334635.
Done!
Collecting images of interest...
File /scratch/yl148/336841/T1w/Diffusion/bvals already exists, skipping...
File /scratch/yl148/336841/T1w/Diffusion/bvecs already exists, skipping...
File /scratch/yl148/336841/T1w/Diffusion/data.nii.gz already exists, skipping...
0 files downloaded for subject 336841.
Done!
Collecting images of interest...
File /scratch/yl148/339847/T1w/Diffusion/bvals already exists, skipping...
File /scratch/yl148/339847/T1w/Diffusion/bvecs already exists, skipping...
File /scratch/yl148/339847/T1w/Diffusion/data.nii.gz already exists, skipping...
0 files downloaded for subject 339847.
Done!
Collecting images of interest...
File /scratch/yl148/341834/T1w/Diffusion/bvals already exists, skipping...
File /scratch/yl148/341834/T1w/Diffusion/bvecs already exists, skipping...
File /scratch/yl148/341834/T1w/Diffusion/data.nii.gz already exists, skipping...
0 files downloaded for subject 341834.
Done!
Collecting images of interest...
File /scratch/yl148/342129/T1w/Diffusion/bvals already exists, skipping...
File /scratch/yl148/342129/T1w/Diffusion/bvecs already exists, skipping...
File /scratch/yl148/342129/T1w/Diffusion/data.nii.gz already exists, skipping...
0 files downloaded for subject 342129.
Done!
Collecting images of interest...
File /scratch/yl148/346137/T1w/Diffusion/bvals already exists, skipping...
File /scratch/yl148/346137/T1w/Diffusion/bvecs already exists, skipping...
File /scratch/yl148/346137/T1w/Diffusion/data.nii.gz already exists, skipping...
0 files downloaded for subject 346137.
Done!
Collecting images of interest...
File /scratch/yl148/346945/T1w/Diffusion/bvals already exists, skipping...
File /scratch/yl148/346945/T1w/Diffusion/bvecs already exists, skipping...
File /scratch/yl148/346945/T1w/Diffusion/data.nii.gz already exists, skipping...
0 files downloaded for subject 346945.
Done!
Collecting images of interest...
File /scratch/yl148/348545/T1w/Diffusion/bvals already exists, skipping...
File /scratch/yl148/348545/T1w/Diffusion/bvecs already exists, skipping...
File /scratch/yl148/348545/T1w/Diffusion/data.nii.gz already exists, skipping...
0 files downloaded for subject 348545.
Done!
Collecting images of interest...
File /scratch/yl148/349244/T1w/Diffusion/bvals already exists, skipping...
File /scratch/yl148/349244/T1w/Diffusion/bvecs already exists, skipping...
File /scratch/yl148/349244/T1w/Diffusion/data.nii.gz already exists, skipping...
0 files downloaded for subject 349244.
Done!
Collecting images of interest...
File /scratch/yl148/350330/T1w/Diffusion/bvals already exists, skipping...
File /scratch/yl148/350330/T1w/Diffusion/bvecs already exists, skipping...
File /scratch/yl148/350330/T1w/Diffusion/data.nii.gz already exists, skipping...
0 files downloaded for subject 350330.
Done!
Collecting images of interest...
File /scratch/yl148/351938/T1w/Diffusion/bvals already exists, skipping...
File /scratch/yl148/351938/T1w/Diffusion/bvecs already exists, skipping...
File /scratch/yl148/351938/T1w/Diffusion/data.nii.gz already exists, skipping...
0 files downloaded for subject 351938.
Done!
Collecting images of interest...
File /scratch/yl148/352132/T1w/Diffusion/bvals already exists, skipping...
File /scratch/yl148/352132/T1w/Diffusion/bvecs already exists, skipping...
File /scratch/yl148/352132/T1w/Diffusion/data.nii.gz already exists, skipping...
0 files downloaded for subject 352132.
Done!
Collecting images of interest...
File /scratch/yl148/352738/T1w/Diffusion/bvals already exists, skipping...
File /scratch/yl148/352738/T1w/Diffusion/bvecs already exists, skipping...
File /scratch/yl148/352738/T1w/Diffusion/data.nii.gz already exists, skipping...
0 files downloaded for subject 352738.
Done!
Collecting images of interest...
File /scratch/yl148/353740/T1w/Diffusion/bvals already exists, skipping...
File /scratch/yl148/353740/T1w/Diffusion/bvecs already exists, skipping...
File /scratch/yl148/353740/T1w/Diffusion/data.nii.gz already exists, skipping...
0 files downloaded for subject 353740.
Done!
Collecting images of interest...
File /scratch/yl148/355239/T1w/Diffusion/bvals already exists, skipping...
File /scratch/yl148/355239/T1w/Diffusion/bvecs already exists, skipping...
File /scratch/yl148/355239/T1w/Diffusion/data.nii.gz already exists, skipping...
0 files downloaded for subject 355239.
Done!
Collecting images of interest...
File /scratch/yl148/356948/T1w/Diffusion/bvals already exists, skipping...
File /scratch/yl148/356948/T1w/Diffusion/bvecs already exists, skipping...
File /scratch/yl148/356948/T1w/Diffusion/data.nii.gz already exists, skipping...
0 files downloaded for subject 356948.
Done!
Collecting images of interest...
File /scratch/yl148/358144/T1w/Diffusion/bvals already exists, skipping...
File /scratch/yl148/358144/T1w/Diffusion/bvecs already exists, skipping...
File /scratch/yl148/358144/T1w/Diffusion/data.nii.gz already exists, skipping...
0 files downloaded for subject 358144.
Done!
Collecting images of interest...
File /scratch/yl148/360030/T1w/Diffusion/bvals already exists, skipping...
File /scratch/yl148/360030/T1w/Diffusion/bvecs already exists, skipping...
File /scratch/yl148/360030/T1w/Diffusion/data.nii.gz already exists, skipping...
0 files downloaded for subject 360030.
Done!
Collecting images of interest...
File /scratch/yl148/361234/T1w/Diffusion/bvals already exists, skipping...
File /scratch/yl148/361234/T1w/Diffusion/bvecs already exists, skipping...
File /scratch/yl148/361234/T1w/Diffusion/data.nii.gz already exists, skipping...
0 files downloaded for subject 361234.
Done!
Collecting images of interest...
File /scratch/yl148/361941/T1w/Diffusion/bvals already exists, skipping...
File /scratch/yl148/361941/T1w/Diffusion/bvecs already exists, skipping...
File /scratch/yl148/361941/T1w/Diffusion/data.nii.gz already exists, skipping...
0 files downloaded for subject 361941.
Done!
Collecting images of interest...
File /scratch/yl148/362034/T1w/Diffusion/bvals already exists, skipping...
File /scratch/yl148/362034/T1w/Diffusion/bvecs already exists, skipping...
File /scratch/yl148/362034/T1w/Diffusion/data.nii.gz already exists, skipping...
0 files downloaded for subject 362034.
Done!
Collecting images of interest...
File /scratch/yl148/365343/T1w/Diffusion/bvals already exists, skipping...
File /scratch/yl148/365343/T1w/Diffusion/bvecs already exists, skipping...
File /scratch/yl148/365343/T1w/Diffusion/data.nii.gz already exists, skipping...
0 files downloaded for subject 365343.
Done!
Collecting images of interest...
File /scratch/yl148/366042/T1w/Diffusion/bvals already exists, skipping...
File /scratch/yl148/366042/T1w/Diffusion/bvecs already exists, skipping...
File /scratch/yl148/366042/T1w/Diffusion/data.nii.gz already exists, skipping...
0 files downloaded for subject 366042.
Done!
Collecting images of interest...
File /scratch/yl148/366446/T1w/Diffusion/bvals already exists, skipping...
File /scratch/yl148/366446/T1w/Diffusion/bvecs already exists, skipping...
File /scratch/yl148/366446/T1w/Diffusion/data.nii.gz already exists, skipping...
0 files downloaded for subject 366446.
Done!
Collecting images of interest...
File /scratch/yl148/368551/T1w/Diffusion/bvals already exists, skipping...
File /scratch/yl148/368551/T1w/Diffusion/bvecs already exists, skipping...
File /scratch/yl148/368551/T1w/Diffusion/data.nii.gz already exists, skipping...
0 files downloaded for subject 368551.
Done!
Collecting images of interest...
File /scratch/yl148/368753/T1w/Diffusion/bvals already exists, skipping...
File /scratch/yl148/368753/T1w/Diffusion/bvecs already exists, skipping...
File /scratch/yl148/368753/T1w/Diffusion/data.nii.gz already exists, skipping...
0 files downloaded for subject 368753.
Done!
Collecting images of interest...
File /scratch/yl148/371843/T1w/Diffusion/bvals already exists, skipping...
File /scratch/yl148/371843/T1w/Diffusion/bvecs already exists, skipping...
File /scratch/yl148/371843/T1w/Diffusion/data.nii.gz already exists, skipping...
0 files downloaded for subject 371843.
Done!
Collecting images of interest...
File /scratch/yl148/376247/T1w/Diffusion/bvals already exists, skipping...
File /scratch/yl148/376247/T1w/Diffusion/bvecs already exists, skipping...
File /scratch/yl148/376247/T1w/Diffusion/data.nii.gz already exists, skipping...
0 files downloaded for subject 376247.
Done!
Collecting images of interest...
Downloading to: /scratch/yl148/377451/T1w/Diffusion/bvals
FACTS: path: HCP_1200/377451/T1w/Diffusion/bvals, file: /scratch/yl148/377451/T1w/Diffusion/bvals
33.333% percent complete
Downloading to: /scratch/yl148/377451/T1w/Diffusion/bvecs
FACTS: path: HCP_1200/377451/T1w/Diffusion/bvecs, file: /scratch/yl148/377451/T1w/Diffusion/bvecs
66.667% percent complete
Downloading to: /scratch/yl148/377451/T1w/Diffusion/data.nii.gz
FACTS: path: HCP_1200/377451/T1w/Diffusion/data.nii.gz, file: /scratch/yl148/377451/T1w/Diffusion/data.nii.gz
100.000% percent complete
3 files downloaded for subject 377451.
Done!
Collecting images of interest...
Downloading to: /scratch/yl148/378756/T1w/Diffusion/bvals
FACTS: path: HCP_1200/378756/T1w/Diffusion/bvals, file: /scratch/yl148/378756/T1w/Diffusion/bvals
33.333% percent complete
Downloading to: /scratch/yl148/378756/T1w/Diffusion/bvecs
FACTS: path: HCP_1200/378756/T1w/Diffusion/bvecs, file: /scratch/yl148/378756/T1w/Diffusion/bvecs
66.667% percent complete
Downloading to: /scratch/yl148/378756/T1w/Diffusion/data.nii.gz
FACTS: path: HCP_1200/378756/T1w/Diffusion/data.nii.gz, file: /scratch/yl148/378756/T1w/Diffusion/data.nii.gz
100.000% percent complete
3 files downloaded for subject 378756.
Done!
Collecting images of interest...
Downloading to: /scratch/yl148/378857/T1w/Diffusion/bvals
FACTS: path: HCP_1200/378857/T1w/Diffusion/bvals, file: /scratch/yl148/378857/T1w/Diffusion/bvals
33.333% percent complete
Downloading to: /scratch/yl148/378857/T1w/Diffusion/bvecs
FACTS: path: HCP_1200/378857/T1w/Diffusion/bvecs, file: /scratch/yl148/378857/T1w/Diffusion/bvecs
66.667% percent complete
Downloading to: /scratch/yl148/378857/T1w/Diffusion/data.nii.gz
FACTS: path: HCP_1200/378857/T1w/Diffusion/data.nii.gz, file: /scratch/yl148/378857/T1w/Diffusion/data.nii.gz
100.000% percent complete
3 files downloaded for subject 378857.
Done!
Collecting images of interest...
Downloading to: /scratch/yl148/379657/T1w/Diffusion/bvals
FACTS: path: HCP_1200/379657/T1w/Diffusion/bvals, file: /scratch/yl148/379657/T1w/Diffusion/bvals
33.333% percent complete
Downloading to: /scratch/yl148/379657/T1w/Diffusion/bvecs
FACTS: path: HCP_1200/379657/T1w/Diffusion/bvecs, file: /scratch/yl148/379657/T1w/Diffusion/bvecs
66.667% percent complete
Downloading to: /scratch/yl148/379657/T1w/Diffusion/data.nii.gz
FACTS: path: HCP_1200/379657/T1w/Diffusion/data.nii.gz, file: /scratch/yl148/379657/T1w/Diffusion/data.nii.gz
100.000% percent complete
3 files downloaded for subject 379657.
Done!
Collecting images of interest...
Downloading to: /scratch/yl148/380036/T1w/Diffusion/bvals
FACTS: path: HCP_1200/380036/T1w/Diffusion/bvals, file: /scratch/yl148/380036/T1w/Diffusion/bvals
33.333% percent complete
Downloading to: /scratch/yl148/380036/T1w/Diffusion/bvecs
FACTS: path: HCP_1200/380036/T1w/Diffusion/bvecs, file: /scratch/yl148/380036/T1w/Diffusion/bvecs
66.667% percent complete
Downloading to: /scratch/yl148/380036/T1w/Diffusion/data.nii.gz
FACTS: path: HCP_1200/380036/T1w/Diffusion/data.nii.gz, file: /scratch/yl148/380036/T1w/Diffusion/data.nii.gz
100.000% percent complete
3 files downloaded for subject 380036.
Done!
Collecting images of interest...
Downloading to: /scratch/yl148/381038/T1w/Diffusion/bvals
FACTS: path: HCP_1200/381038/T1w/Diffusion/bvals, file: /scratch/yl148/381038/T1w/Diffusion/bvals
33.333% percent complete
Downloading to: /scratch/yl148/381038/T1w/Diffusion/bvecs
FACTS: path: HCP_1200/381038/T1w/Diffusion/bvecs, file: /scratch/yl148/381038/T1w/Diffusion/bvecs
66.667% percent complete
Downloading to: /scratch/yl148/381038/T1w/Diffusion/data.nii.gz
FACTS: path: HCP_1200/381038/T1w/Diffusion/data.nii.gz, file: /scratch/yl148/381038/T1w/Diffusion/data.nii.gz
100.000% percent complete
3 files downloaded for subject 381038.
Done!
Collecting images of interest...
Downloading to: /scratch/yl148/381543/T1w/Diffusion/bvals
FACTS: path: HCP_1200/381543/T1w/Diffusion/bvals, file: /scratch/yl148/381543/T1w/Diffusion/bvals
33.333% percent complete
Downloading to: /scratch/yl148/381543/T1w/Diffusion/bvecs
FACTS: path: HCP_1200/381543/T1w/Diffusion/bvecs, file: /scratch/yl148/381543/T1w/Diffusion/bvecs
66.667% percent complete
Downloading to: /scratch/yl148/381543/T1w/Diffusion/data.nii.gz
FACTS: path: HCP_1200/381543/T1w/Diffusion/data.nii.gz, file: /scratch/yl148/381543/T1w/Diffusion/data.nii.gz
100.000% percent complete
3 files downloaded for subject 381543.
Done!
Collecting images of interest...
Downloading to: /scratch/yl148/382242/T1w/Diffusion/bvals
FACTS: path: HCP_1200/382242/T1w/Diffusion/bvals, file: /scratch/yl148/382242/T1w/Diffusion/bvals
33.333% percent complete
Downloading to: /scratch/yl148/382242/T1w/Diffusion/bvecs
FACTS: path: HCP_1200/382242/T1w/Diffusion/bvecs, file: /scratch/yl148/382242/T1w/Diffusion/bvecs
66.667% percent complete
Downloading to: /scratch/yl148/382242/T1w/Diffusion/data.nii.gz
FACTS: path: HCP_1200/382242/T1w/Diffusion/data.nii.gz, file: /scratch/yl148/382242/T1w/Diffusion/data.nii.gz
100.000% percent complete
3 files downloaded for subject 382242.
Done!
Collecting images of interest...
Downloading to: /scratch/yl148/385046/T1w/Diffusion/bvals
FACTS: path: HCP_1200/385046/T1w/Diffusion/bvals, file: /scratch/yl148/385046/T1w/Diffusion/bvals
33.333% percent complete
Downloading to: /scratch/yl148/385046/T1w/Diffusion/bvecs
FACTS: path: HCP_1200/385046/T1w/Diffusion/bvecs, file: /scratch/yl148/385046/T1w/Diffusion/bvecs
66.667% percent complete
Downloading to: /scratch/yl148/385046/T1w/Diffusion/data.nii.gz
FACTS: path: HCP_1200/385046/T1w/Diffusion/data.nii.gz, file: /scratch/yl148/385046/T1w/Diffusion/data.nii.gz
100.000% percent complete
3 files downloaded for subject 385046.
Done!
Collecting images of interest...
Downloading to: /scratch/yl148/385450/T1w/Diffusion/bvals
FACTS: path: HCP_1200/385450/T1w/Diffusion/bvals, file: /scratch/yl148/385450/T1w/Diffusion/bvals
33.333% percent complete
Downloading to: /scratch/yl148/385450/T1w/Diffusion/bvecs
FACTS: path: HCP_1200/385450/T1w/Diffusion/bvecs, file: /scratch/yl148/385450/T1w/Diffusion/bvecs
66.667% percent complete
Downloading to: /scratch/yl148/385450/T1w/Diffusion/data.nii.gz
FACTS: path: HCP_1200/385450/T1w/Diffusion/data.nii.gz, file: /scratch/yl148/385450/T1w/Diffusion/data.nii.gz
100.000% percent complete
3 files downloaded for subject 385450.
Done!
Collecting images of interest...
Downloading to: /scratch/yl148/386250/T1w/Diffusion/bvals
FACTS: path: HCP_1200/386250/T1w/Diffusion/bvals, file: /scratch/yl148/386250/T1w/Diffusion/bvals
33.333% percent complete
Downloading to: /scratch/yl148/386250/T1w/Diffusion/bvecs
FACTS: path: HCP_1200/386250/T1w/Diffusion/bvecs, file: /scratch/yl148/386250/T1w/Diffusion/bvecs
66.667% percent complete
Downloading to: /scratch/yl148/386250/T1w/Diffusion/data.nii.gz
FACTS: path: HCP_1200/386250/T1w/Diffusion/data.nii.gz, file: /scratch/yl148/386250/T1w/Diffusion/data.nii.gz
100.000% percent complete
3 files downloaded for subject 386250.
Done!
Collecting images of interest...
Downloading to: /scratch/yl148/387959/T1w/Diffusion/bvals
FACTS: path: HCP_1200/387959/T1w/Diffusion/bvals, file: /scratch/yl148/387959/T1w/Diffusion/bvals
33.333% percent complete
Downloading to: /scratch/yl148/387959/T1w/Diffusion/bvecs
FACTS: path: HCP_1200/387959/T1w/Diffusion/bvecs, file: /scratch/yl148/387959/T1w/Diffusion/bvecs
66.667% percent complete
Downloading to: /scratch/yl148/387959/T1w/Diffusion/data.nii.gz
FACTS: path: HCP_1200/387959/T1w/Diffusion/data.nii.gz, file: /scratch/yl148/387959/T1w/Diffusion/data.nii.gz
100.000% percent complete
3 files downloaded for subject 387959.
Done!
Collecting images of interest...
Downloading to: /scratch/yl148/389357/T1w/Diffusion/bvals
FACTS: path: HCP_1200/389357/T1w/Diffusion/bvals, file: /scratch/yl148/389357/T1w/Diffusion/bvals
33.333% percent complete
Downloading to: /scratch/yl148/389357/T1w/Diffusion/bvecs
FACTS: path: HCP_1200/389357/T1w/Diffusion/bvecs, file: /scratch/yl148/389357/T1w/Diffusion/bvecs
66.667% percent complete
Downloading to: /scratch/yl148/389357/T1w/Diffusion/data.nii.gz
FACTS: path: HCP_1200/389357/T1w/Diffusion/data.nii.gz, file: /scratch/yl148/389357/T1w/Diffusion/data.nii.gz
100.000% percent complete
3 files downloaded for subject 389357.
Done!
Collecting images of interest...
Downloading to: /scratch/yl148/390645/T1w/Diffusion/bvals
FACTS: path: HCP_1200/390645/T1w/Diffusion/bvals, file: /scratch/yl148/390645/T1w/Diffusion/bvals
33.333% percent complete
Downloading to: /scratch/yl148/390645/T1w/Diffusion/bvecs
FACTS: path: HCP_1200/390645/T1w/Diffusion/bvecs, file: /scratch/yl148/390645/T1w/Diffusion/bvecs
66.667% percent complete
Downloading to: /scratch/yl148/390645/T1w/Diffusion/data.nii.gz
FACTS: path: HCP_1200/390645/T1w/Diffusion/data.nii.gz, file: /scratch/yl148/390645/T1w/Diffusion/data.nii.gz
100.000% percent complete
3 files downloaded for subject 390645.
Done!
Collecting images of interest...
Downloading to: /scratch/yl148/391748/T1w/Diffusion/bvals
FACTS: path: HCP_1200/391748/T1w/Diffusion/bvals, file: /scratch/yl148/391748/T1w/Diffusion/bvals
33.333% percent complete
Downloading to: /scratch/yl148/391748/T1w/Diffusion/bvecs
FACTS: path: HCP_1200/391748/T1w/Diffusion/bvecs, file: /scratch/yl148/391748/T1w/Diffusion/bvecs
66.667% percent complete
Downloading to: /scratch/yl148/391748/T1w/Diffusion/data.nii.gz
FACTS: path: HCP_1200/391748/T1w/Diffusion/data.nii.gz, file: /scratch/yl148/391748/T1w/Diffusion/data.nii.gz
100.000% percent complete
3 files downloaded for subject 391748.
Done!
Collecting images of interest...
Downloading to: /scratch/yl148/392447/T1w/Diffusion/bvals
FACTS: path: HCP_1200/392447/T1w/Diffusion/bvals, file: /scratch/yl148/392447/T1w/Diffusion/bvals
33.333% percent complete
Downloading to: /scratch/yl148/392447/T1w/Diffusion/bvecs
FACTS: path: HCP_1200/392447/T1w/Diffusion/bvecs, file: /scratch/yl148/392447/T1w/Diffusion/bvecs
66.667% percent complete
Downloading to: /scratch/yl148/392447/T1w/Diffusion/data.nii.gz
FACTS: path: HCP_1200/392447/T1w/Diffusion/data.nii.gz, file: /scratch/yl148/392447/T1w/Diffusion/data.nii.gz
100.000% percent complete
3 files downloaded for subject 392447.
Done!
Collecting images of interest...
Downloading to: /scratch/yl148/392750/T1w/Diffusion/bvals
FACTS: path: HCP_1200/392750/T1w/Diffusion/bvals, file: /scratch/yl148/392750/T1w/Diffusion/bvals
33.333% percent complete
Downloading to: /scratch/yl148/392750/T1w/Diffusion/bvecs
FACTS: path: HCP_1200/392750/T1w/Diffusion/bvecs, file: /scratch/yl148/392750/T1w/Diffusion/bvecs
66.667% percent complete
Downloading to: /scratch/yl148/392750/T1w/Diffusion/data.nii.gz
FACTS: path: HCP_1200/392750/T1w/Diffusion/data.nii.gz, file: /scratch/yl148/392750/T1w/Diffusion/data.nii.gz
100.000% percent complete
3 files downloaded for subject 392750.
Done!
Collecting images of interest...
Downloading to: /scratch/yl148/393247/T1w/Diffusion/bvals
FACTS: path: HCP_1200/393247/T1w/Diffusion/bvals, file: /scratch/yl148/393247/T1w/Diffusion/bvals
33.333% percent complete
Downloading to: /scratch/yl148/393247/T1w/Diffusion/bvecs
FACTS: path: HCP_1200/393247/T1w/Diffusion/bvecs, file: /scratch/yl148/393247/T1w/Diffusion/bvecs
66.667% percent complete
Downloading to: /scratch/yl148/393247/T1w/Diffusion/data.nii.gz
FACTS: path: HCP_1200/393247/T1w/Diffusion/data.nii.gz, file: /scratch/yl148/393247/T1w/Diffusion/data.nii.gz
100.000% percent complete
3 files downloaded for subject 393247.
Done!
Collecting images of interest...
Downloading to: /scratch/yl148/393550/T1w/Diffusion/bvals
FACTS: path: HCP_1200/393550/T1w/Diffusion/bvals, file: /scratch/yl148/393550/T1w/Diffusion/bvals
33.333% percent complete
Downloading to: /scratch/yl148/393550/T1w/Diffusion/bvecs
FACTS: path: HCP_1200/393550/T1w/Diffusion/bvecs, file: /scratch/yl148/393550/T1w/Diffusion/bvecs
66.667% percent complete
Downloading to: /scratch/yl148/393550/T1w/Diffusion/data.nii.gz
FACTS: path: HCP_1200/393550/T1w/Diffusion/data.nii.gz, file: /scratch/yl148/393550/T1w/Diffusion/data.nii.gz
100.000% percent complete
3 files downloaded for subject 393550.
Done!
Collecting images of interest...
Downloading to: /scratch/yl148/394956/T1w/Diffusion/bvals
FACTS: path: HCP_1200/394956/T1w/Diffusion/bvals, file: /scratch/yl148/394956/T1w/Diffusion/bvals
33.333% percent complete
Downloading to: /scratch/yl148/394956/T1w/Diffusion/bvecs
FACTS: path: HCP_1200/394956/T1w/Diffusion/bvecs, file: /scratch/yl148/394956/T1w/Diffusion/bvecs
66.667% percent complete
Downloading to: /scratch/yl148/394956/T1w/Diffusion/data.nii.gz
FACTS: path: HCP_1200/394956/T1w/Diffusion/data.nii.gz, file: /scratch/yl148/394956/T1w/Diffusion/data.nii.gz
100.000% percent complete
3 files downloaded for subject 394956.
Done!
Collecting images of interest...
Downloading to: /scratch/yl148/395251/T1w/Diffusion/bvals
FACTS: path: HCP_1200/395251/T1w/Diffusion/bvals, file: /scratch/yl148/395251/T1w/Diffusion/bvals
33.333% percent complete
Downloading to: /scratch/yl148/395251/T1w/Diffusion/bvecs
FACTS: path: HCP_1200/395251/T1w/Diffusion/bvecs, file: /scratch/yl148/395251/T1w/Diffusion/bvecs
66.667% percent complete
Downloading to: /scratch/yl148/395251/T1w/Diffusion/data.nii.gz
FACTS: path: HCP_1200/395251/T1w/Diffusion/data.nii.gz, file: /scratch/yl148/395251/T1w/Diffusion/data.nii.gz
100.000% percent complete
3 files downloaded for subject 395251.
Done!
Collecting images of interest...
Downloading to: /scratch/yl148/395756/T1w/Diffusion/bvals
FACTS: path: HCP_1200/395756/T1w/Diffusion/bvals, file: /scratch/yl148/395756/T1w/Diffusion/bvals
33.333% percent complete
Downloading to: /scratch/yl148/395756/T1w/Diffusion/bvecs
FACTS: path: HCP_1200/395756/T1w/Diffusion/bvecs, file: /scratch/yl148/395756/T1w/Diffusion/bvecs
66.667% percent complete
Downloading to: /scratch/yl148/395756/T1w/Diffusion/data.nii.gz
FACTS: path: HCP_1200/395756/T1w/Diffusion/data.nii.gz, file: /scratch/yl148/395756/T1w/Diffusion/data.nii.gz
100.000% percent complete
3 files downloaded for subject 395756.
Done!
Collecting images of interest...
Downloading to: /scratch/yl148/395958/T1w/Diffusion/bvals
FACTS: path: HCP_1200/395958/T1w/Diffusion/bvals, file: /scratch/yl148/395958/T1w/Diffusion/bvals
33.333% percent complete
Downloading to: /scratch/yl148/395958/T1w/Diffusion/bvecs
FACTS: path: HCP_1200/395958/T1w/Diffusion/bvecs, file: /scratch/yl148/395958/T1w/Diffusion/bvecs
66.667% percent complete
Downloading to: /scratch/yl148/395958/T1w/Diffusion/data.nii.gz
FACTS: path: HCP_1200/395958/T1w/Diffusion/data.nii.gz, file: /scratch/yl148/395958/T1w/Diffusion/data.nii.gz
100.000% percent complete
3 files downloaded for subject 395958.
Done!
Collecting images of interest...
Downloading to: /scratch/yl148/397154/T1w/Diffusion/bvals
FACTS: path: HCP_1200/397154/T1w/Diffusion/bvals, file: /scratch/yl148/397154/T1w/Diffusion/bvals
33.333% percent complete
Downloading to: /scratch/yl148/397154/T1w/Diffusion/bvecs
FACTS: path: HCP_1200/397154/T1w/Diffusion/bvecs, file: /scratch/yl148/397154/T1w/Diffusion/bvecs
66.667% percent complete
Downloading to: /scratch/yl148/397154/T1w/Diffusion/data.nii.gz
FACTS: path: HCP_1200/397154/T1w/Diffusion/data.nii.gz, file: /scratch/yl148/397154/T1w/Diffusion/data.nii.gz
100.000% percent complete
3 files downloaded for subject 397154.
Done!
Collecting images of interest...
Downloading to: /scratch/yl148/397760/T1w/Diffusion/bvals
FACTS: path: HCP_1200/397760/T1w/Diffusion/bvals, file: /scratch/yl148/397760/T1w/Diffusion/bvals
33.333% percent complete
Downloading to: /scratch/yl148/397760/T1w/Diffusion/bvecs
FACTS: path: HCP_1200/397760/T1w/Diffusion/bvecs, file: /scratch/yl148/397760/T1w/Diffusion/bvecs
66.667% percent complete
Downloading to: /scratch/yl148/397760/T1w/Diffusion/data.nii.gz
FACTS: path: HCP_1200/397760/T1w/Diffusion/data.nii.gz, file: /scratch/yl148/397760/T1w/Diffusion/data.nii.gz
100.000% percent complete
3 files downloaded for subject 397760.
Done!
Collecting images of interest...
Downloading to: /scratch/yl148/397861/T1w/Diffusion/bvals
FACTS: path: HCP_1200/397861/T1w/Diffusion/bvals, file: /scratch/yl148/397861/T1w/Diffusion/bvals
33.333% percent complete
Downloading to: /scratch/yl148/397861/T1w/Diffusion/bvecs
FACTS: path: HCP_1200/397861/T1w/Diffusion/bvecs, file: /scratch/yl148/397861/T1w/Diffusion/bvecs
66.667% percent complete
Downloading to: /scratch/yl148/397861/T1w/Diffusion/data.nii.gz
FACTS: path: HCP_1200/397861/T1w/Diffusion/data.nii.gz, file: /scratch/yl148/397861/T1w/Diffusion/data.nii.gz
100.000% percent complete
3 files downloaded for subject 397861.
Done!
Collecting images of interest...
Downloading to: /scratch/yl148/401422/T1w/Diffusion/bvals
FACTS: path: HCP_1200/401422/T1w/Diffusion/bvals, file: /scratch/yl148/401422/T1w/Diffusion/bvals
33.333% percent complete
Downloading to: /scratch/yl148/401422/T1w/Diffusion/bvecs
FACTS: path: HCP_1200/401422/T1w/Diffusion/bvecs, file: /scratch/yl148/401422/T1w/Diffusion/bvecs
66.667% percent complete
Downloading to: /scratch/yl148/401422/T1w/Diffusion/data.nii.gz
FACTS: path: HCP_1200/401422/T1w/Diffusion/data.nii.gz, file: /scratch/yl148/401422/T1w/Diffusion/data.nii.gz
100.000% percent complete
3 files downloaded for subject 401422.
Done!
Collecting images of interest...
Downloading to: /scratch/yl148/406432/T1w/Diffusion/bvals
FACTS: path: HCP_1200/406432/T1w/Diffusion/bvals, file: /scratch/yl148/406432/T1w/Diffusion/bvals
33.333% percent complete
Downloading to: /scratch/yl148/406432/T1w/Diffusion/bvecs
FACTS: path: HCP_1200/406432/T1w/Diffusion/bvecs, file: /scratch/yl148/406432/T1w/Diffusion/bvecs
66.667% percent complete
Downloading to: /scratch/yl148/406432/T1w/Diffusion/data.nii.gz
FACTS: path: HCP_1200/406432/T1w/Diffusion/data.nii.gz, file: /scratch/yl148/406432/T1w/Diffusion/data.nii.gz
100.000% percent complete
3 files downloaded for subject 406432.
Done!
Collecting images of interest...
Downloading to: /scratch/yl148/406836/T1w/Diffusion/bvals
FACTS: path: HCP_1200/406836/T1w/Diffusion/bvals, file: /scratch/yl148/406836/T1w/Diffusion/bvals
33.333% percent complete
Downloading to: /scratch/yl148/406836/T1w/Diffusion/bvecs
FACTS: path: HCP_1200/406836/T1w/Diffusion/bvecs, file: /scratch/yl148/406836/T1w/Diffusion/bvecs
66.667% percent complete
Downloading to: /scratch/yl148/406836/T1w/Diffusion/data.nii.gz
FACTS: path: HCP_1200/406836/T1w/Diffusion/data.nii.gz, file: /scratch/yl148/406836/T1w/Diffusion/data.nii.gz
100.000% percent complete
3 files downloaded for subject 406836.
Done!
Collecting images of interest...
Downloading to: /scratch/yl148/412528/T1w/Diffusion/bvals
FACTS: path: HCP_1200/412528/T1w/Diffusion/bvals, file: /scratch/yl148/412528/T1w/Diffusion/bvals
33.333% percent complete
Downloading to: /scratch/yl148/412528/T1w/Diffusion/bvecs
FACTS: path: HCP_1200/412528/T1w/Diffusion/bvecs, file: /scratch/yl148/412528/T1w/Diffusion/bvecs
66.667% percent complete
Downloading to: /scratch/yl148/412528/T1w/Diffusion/data.nii.gz
FACTS: path: HCP_1200/412528/T1w/Diffusion/data.nii.gz, file: /scratch/yl148/412528/T1w/Diffusion/data.nii.gz
100.000% percent complete
3 files downloaded for subject 412528.
Done!
Collecting images of interest...
Downloading to: /scratch/yl148/413934/T1w/Diffusion/bvals
FACTS: path: HCP_1200/413934/T1w/Diffusion/bvals, file: /scratch/yl148/413934/T1w/Diffusion/bvals
33.333% percent complete
Downloading to: /scratch/yl148/413934/T1w/Diffusion/bvecs
FACTS: path: HCP_1200/413934/T1w/Diffusion/bvecs, file: /scratch/yl148/413934/T1w/Diffusion/bvecs
66.667% percent complete
Downloading to: /scratch/yl148/413934/T1w/Diffusion/data.nii.gz
FACTS: path: HCP_1200/413934/T1w/Diffusion/data.nii.gz, file: /scratch/yl148/413934/T1w/Diffusion/data.nii.gz
100.000% percent complete
3 files downloaded for subject 413934.
Done!
Collecting images of interest...
Downloading to: /scratch/yl148/414229/T1w/Diffusion/bvals
FACTS: path: HCP_1200/414229/T1w/Diffusion/bvals, file: /scratch/yl148/414229/T1w/Diffusion/bvals
33.333% percent complete
Downloading to: /scratch/yl148/414229/T1w/Diffusion/bvecs
FACTS: path: HCP_1200/414229/T1w/Diffusion/bvecs, file: /scratch/yl148/414229/T1w/Diffusion/bvecs
66.667% percent complete
Downloading to: /scratch/yl148/414229/T1w/Diffusion/data.nii.gz
FACTS: path: HCP_1200/414229/T1w/Diffusion/data.nii.gz, file: /scratch/yl148/414229/T1w/Diffusion/data.nii.gz
100.000% percent complete
3 files downloaded for subject 414229.
Done!
Collecting images of interest...
Downloading to: /scratch/yl148/415837/T1w/Diffusion/bvals
FACTS: path: HCP_1200/415837/T1w/Diffusion/bvals, file: /scratch/yl148/415837/T1w/Diffusion/bvals
33.333% percent complete
Downloading to: /scratch/yl148/415837/T1w/Diffusion/bvecs
FACTS: path: HCP_1200/415837/T1w/Diffusion/bvecs, file: /scratch/yl148/415837/T1w/Diffusion/bvecs
66.667% percent complete
Downloading to: /scratch/yl148/415837/T1w/Diffusion/data.nii.gz
FACTS: path: HCP_1200/415837/T1w/Diffusion/data.nii.gz, file: /scratch/yl148/415837/T1w/Diffusion/data.nii.gz
100.000% percent complete
3 files downloaded for subject 415837.
Done!
Collecting images of interest...
Downloading to: /scratch/yl148/419239/T1w/Diffusion/bvals
FACTS: path: HCP_1200/419239/T1w/Diffusion/bvals, file: /scratch/yl148/419239/T1w/Diffusion/bvals
33.333% percent complete
Downloading to: /scratch/yl148/419239/T1w/Diffusion/bvecs
FACTS: path: HCP_1200/419239/T1w/Diffusion/bvecs, file: /scratch/yl148/419239/T1w/Diffusion/bvecs
66.667% percent complete
Downloading to: /scratch/yl148/419239/T1w/Diffusion/data.nii.gz
FACTS: path: HCP_1200/419239/T1w/Diffusion/data.nii.gz, file: /scratch/yl148/419239/T1w/Diffusion/data.nii.gz
100.000% percent complete
3 files downloaded for subject 419239.
Done!
Collecting images of interest...
Downloading to: /scratch/yl148/421226/T1w/Diffusion/bvals
FACTS: path: HCP_1200/421226/T1w/Diffusion/bvals, file: /scratch/yl148/421226/T1w/Diffusion/bvals
33.333% percent complete
Downloading to: /scratch/yl148/421226/T1w/Diffusion/bvecs
FACTS: path: HCP_1200/421226/T1w/Diffusion/bvecs, file: /scratch/yl148/421226/T1w/Diffusion/bvecs
66.667% percent complete
Downloading to: /scratch/yl148/421226/T1w/Diffusion/data.nii.gz
FACTS: path: HCP_1200/421226/T1w/Diffusion/data.nii.gz, file: /scratch/yl148/421226/T1w/Diffusion/data.nii.gz
100.000% percent complete
3 files downloaded for subject 421226.
Done!
Collecting images of interest...
Downloading to: /scratch/yl148/422632/T1w/Diffusion/bvals
FACTS: path: HCP_1200/422632/T1w/Diffusion/bvals, file: /scratch/yl148/422632/T1w/Diffusion/bvals
33.333% percent complete
Downloading to: /scratch/yl148/422632/T1w/Diffusion/bvecs
FACTS: path: HCP_1200/422632/T1w/Diffusion/bvecs, file: /scratch/yl148/422632/T1w/Diffusion/bvecs
66.667% percent complete
Downloading to: /scratch/yl148/422632/T1w/Diffusion/data.nii.gz
FACTS: path: HCP_1200/422632/T1w/Diffusion/data.nii.gz, file: /scratch/yl148/422632/T1w/Diffusion/data.nii.gz
100.000% percent complete
3 files downloaded for subject 422632.
Done!
Collecting images of interest...
Downloading to: /scratch/yl148/424939/T1w/Diffusion/bvals
FACTS: path: HCP_1200/424939/T1w/Diffusion/bvals, file: /scratch/yl148/424939/T1w/Diffusion/bvals
33.333% percent complete
Downloading to: /scratch/yl148/424939/T1w/Diffusion/bvecs
FACTS: path: HCP_1200/424939/T1w/Diffusion/bvecs, file: /scratch/yl148/424939/T1w/Diffusion/bvecs
66.667% percent complete
Downloading to: /scratch/yl148/424939/T1w/Diffusion/data.nii.gz
FACTS: path: HCP_1200/424939/T1w/Diffusion/data.nii.gz, file: /scratch/yl148/424939/T1w/Diffusion/data.nii.gz
100.000% percent complete
3 files downloaded for subject 424939.
Done!
Collecting images of interest...
Downloading to: /scratch/yl148/429040/T1w/Diffusion/bvals
FACTS: path: HCP_1200/429040/T1w/Diffusion/bvals, file: /scratch/yl148/429040/T1w/Diffusion/bvals
33.333% percent complete
Downloading to: /scratch/yl148/429040/T1w/Diffusion/bvecs
FACTS: path: HCP_1200/429040/T1w/Diffusion/bvecs, file: /scratch/yl148/429040/T1w/Diffusion/bvecs
66.667% percent complete
Downloading to: /scratch/yl148/429040/T1w/Diffusion/data.nii.gz
FACTS: path: HCP_1200/429040/T1w/Diffusion/data.nii.gz, file: /scratch/yl148/429040/T1w/Diffusion/data.nii.gz
100.000% percent complete
3 files downloaded for subject 429040.
Done!
Collecting images of interest...
Downloading to: /scratch/yl148/432332/T1w/Diffusion/bvals
FACTS: path: HCP_1200/432332/T1w/Diffusion/bvals, file: /scratch/yl148/432332/T1w/Diffusion/bvals
33.333% percent complete
Downloading to: /scratch/yl148/432332/T1w/Diffusion/bvecs
FACTS: path: HCP_1200/432332/T1w/Diffusion/bvecs, file: /scratch/yl148/432332/T1w/Diffusion/bvecs
66.667% percent complete
Downloading to: /scratch/yl148/432332/T1w/Diffusion/data.nii.gz
FACTS: path: HCP_1200/432332/T1w/Diffusion/data.nii.gz, file: /scratch/yl148/432332/T1w/Diffusion/data.nii.gz
100.000% percent complete
3 files downloaded for subject 432332.
Done!
Collecting images of interest...
Downloading to: /scratch/yl148/433839/T1w/Diffusion/bvals
FACTS: path: HCP_1200/433839/T1w/Diffusion/bvals, file: /scratch/yl148/433839/T1w/Diffusion/bvals
33.333% percent complete
Downloading to: /scratch/yl148/433839/T1w/Diffusion/bvecs
FACTS: path: HCP_1200/433839/T1w/Diffusion/bvecs, file: /scratch/yl148/433839/T1w/Diffusion/bvecs
66.667% percent complete
Downloading to: /scratch/yl148/433839/T1w/Diffusion/data.nii.gz
FACTS: path: HCP_1200/433839/T1w/Diffusion/data.nii.gz, file: /scratch/yl148/433839/T1w/Diffusion/data.nii.gz
100.000% percent complete
3 files downloaded for subject 433839.
Done!
Collecting images of interest...
Downloading to: /scratch/yl148/436239/T1w/Diffusion/bvals
FACTS: path: HCP_1200/436239/T1w/Diffusion/bvals, file: /scratch/yl148/436239/T1w/Diffusion/bvals
33.333% percent complete
Downloading to: /scratch/yl148/436239/T1w/Diffusion/bvecs
FACTS: path: HCP_1200/436239/T1w/Diffusion/bvecs, file: /scratch/yl148/436239/T1w/Diffusion/bvecs
66.667% percent complete
Downloading to: /scratch/yl148/436239/T1w/Diffusion/data.nii.gz
FACTS: path: HCP_1200/436239/T1w/Diffusion/data.nii.gz, file: /scratch/yl148/436239/T1w/Diffusion/data.nii.gz
100.000% percent complete
3 files downloaded for subject 436239.
Done!
Collecting images of interest...
Downloading to: /scratch/yl148/436845/T1w/Diffusion/bvals
FACTS: path: HCP_1200/436845/T1w/Diffusion/bvals, file: /scratch/yl148/436845/T1w/Diffusion/bvals
33.333% percent complete
Downloading to: /scratch/yl148/436845/T1w/Diffusion/bvecs
FACTS: path: HCP_1200/436845/T1w/Diffusion/bvecs, file: /scratch/yl148/436845/T1w/Diffusion/bvecs
66.667% percent complete
Downloading to: /scratch/yl148/436845/T1w/Diffusion/data.nii.gz
FACTS: path: HCP_1200/436845/T1w/Diffusion/data.nii.gz, file: /scratch/yl148/436845/T1w/Diffusion/data.nii.gz
100.000% percent complete
3 files downloaded for subject 436845.
Done!
Collecting images of interest...
Downloading to: /scratch/yl148/441939/T1w/Diffusion/bvals
FACTS: path: HCP_1200/441939/T1w/Diffusion/bvals, file: /scratch/yl148/441939/T1w/Diffusion/bvals
33.333% percent complete
Downloading to: /scratch/yl148/441939/T1w/Diffusion/bvecs
FACTS: path: HCP_1200/441939/T1w/Diffusion/bvecs, file: /scratch/yl148/441939/T1w/Diffusion/bvecs
66.667% percent complete
Downloading to: /scratch/yl148/441939/T1w/Diffusion/data.nii.gz
FACTS: path: HCP_1200/441939/T1w/Diffusion/data.nii.gz, file: /scratch/yl148/441939/T1w/Diffusion/data.nii.gz
100.000% percent complete
3 files downloaded for subject 441939.
Done!
Collecting images of interest...
Downloading to: /scratch/yl148/445543/T1w/Diffusion/bvals
FACTS: path: HCP_1200/445543/T1w/Diffusion/bvals, file: /scratch/yl148/445543/T1w/Diffusion/bvals
33.333% percent complete
Downloading to: /scratch/yl148/445543/T1w/Diffusion/bvecs
FACTS: path: HCP_1200/445543/T1w/Diffusion/bvecs, file: /scratch/yl148/445543/T1w/Diffusion/bvecs
66.667% percent complete
Downloading to: /scratch/yl148/445543/T1w/Diffusion/data.nii.gz
FACTS: path: HCP_1200/445543/T1w/Diffusion/data.nii.gz, file: /scratch/yl148/445543/T1w/Diffusion/data.nii.gz
100.000% percent complete
3 files downloaded for subject 445543.
Done!
slurmstepd: Exceeded step memory limit at some point.
